<?xml version="1.0" encoding="UTF-8"?>
<!-- Generated by org.testng.reporters.JUnitReportReporter -->
<testsuite hostname="MCKL-7604-T" failures="0" tests="1" name="test.invalidUsernameTest" time="1.052" errors="0" timestamp="2024-04-21T12:39:21 IST" skipped="0">
  <testcase classname="test.invalidUsernameTest" name="InvalidUsernameLoginTest" time="1.052"/>
  <system-out/>
</testsuite> <!-- test.invalidUsernameTest -->
